2024-09-02 15:29:22,609 [Worker-7: Loading available Gradle versions] INFO  o.e.b.c.i.u.g.PublishedGradleVersions - Gradle version information cache is out-of-date. Trying to update.
2024-09-02 15:30:03,231 [Worker-16: Importing Maven projects] INFO  o.e.m.c.i.l.LifecycleMappingFactory - Using org.eclipse.m2e.jdt.JarLifecycleMapping lifecycle mapping for MavenProject: com.example:cruddemo:0.0.1-SNAPSHOT @ C:\Users\furka\Desktop\JAVA\İLERİ JAVA\dev-spring-boot\03-spring-boot-hibernate-jpa-crud\01-cruddemo-student-create\pom.xml.
2024-09-02 15:30:04,276 [Worker-16: Importing Maven projects] INFO  o.e.m.j.i.AbstractJavaProjectConfigurator - Adding source folder /01-cruddemo-student-create/src/main/java
2024-09-02 15:30:04,277 [Worker-16: Importing Maven projects] INFO  o.e.m.j.i.AbstractJavaProjectConfigurator - Adding resource folder /01-cruddemo-student-create/src/main/resources
2024-09-02 15:30:04,280 [Worker-16: Importing Maven projects] INFO  o.e.m.j.i.AbstractJavaProjectConfigurator - Adding resource folder /01-cruddemo-student-create/src/main/resources
2024-09-02 15:30:04,283 [Worker-16: Importing Maven projects] INFO  o.e.m.j.i.AbstractJavaProjectConfigurator - Adding source folder /01-cruddemo-student-create/src/test/java
2024-09-02 15:30:04,284 [Worker-16: Importing Maven projects] INFO  o.e.m.j.i.AbstractJavaProjectConfigurator - Adding resource folder /01-cruddemo-student-create/src/test/resources
2024-09-02 15:30:04,847 [Worker-16: Importing Maven projects] INFO  o.e.m.c.i.p.ProjectConfigurationManager - Imported and configured 1 project(s) in 2 sec
2024-09-02 15:30:06,587 [Worker-9: Building] INFO  o.a.m.s.f.DefaultMavenResourcesFiltering - Copying 1 resource from src\main\resources to target\classes
2024-09-02 15:30:06,650 [Worker-9: Building] INFO  o.a.m.s.f.DefaultMavenResourcesFiltering - Copying 0 resource from src\main\resources to target\classes
2024-09-02 15:30:06,655 [Worker-9: Building] INFO  o.a.m.s.f.DefaultMavenResourcesFiltering - skip non existing resourceDirectory C:\Users\furka\Desktop\JAVA\İLERİ JAVA\dev-spring-boot\03-spring-boot-hibernate-jpa-crud\01-cruddemo-student-create\src\test\resources
2024-09-02 15:34:10,083 [Worker-30: Building] ERROR o.e.m.c.i.p.r.ProjectRegistryManager - File not found: C:\Users\furka\Desktop\JAVA\İLERİ JAVA\dev-spring-boot\03-spring-boot-hibernate-jpa-crud\01-cruddemo-student-create\pom.xml.
org.eclipse.core.internal.resources.ResourceException: File not found: C:\Users\furka\Desktop\JAVA\İLERİ JAVA\dev-spring-boot\03-spring-boot-hibernate-jpa-crud\01-cruddemo-student-create\pom.xml.
	at org.eclipse.core.internal.localstore.FileSystemResourceManager.read(FileSystemResourceManager.java:882)
	at org.eclipse.core.internal.resources.File.getContents(File.java:299)
	at org.eclipse.core.internal.resources.File.getContents(File.java:290)
	at org.eclipse.m2e.core.internal.project.registry.ProjectRegistryManager.refreshPhase2(ProjectRegistryManager.java:589)
	at org.eclipse.m2e.core.internal.project.registry.ProjectRegistryManager.refresh(ProjectRegistryManager.java:491)
	at org.eclipse.m2e.core.internal.project.registry.ProjectRegistryManager.refresh(ProjectRegistryManager.java:370)
	at org.eclipse.m2e.core.internal.project.registry.ProjectRegistryManager.refresh(ProjectRegistryManager.java:322)
	at org.eclipse.m2e.core.internal.builder.MavenBuilder$BuildMethod.getProjectFacade(MavenBuilder.java:146)
	at org.eclipse.m2e.core.internal.builder.MavenBuilder$BuildMethod.lambda$0(MavenBuilder.java:84)
	at org.eclipse.m2e.core.internal.embedder.MavenExecutionContext.executeBare(MavenExecutionContext.java:458)
	at org.eclipse.m2e.core.internal.embedder.MavenExecutionContext.execute(MavenExecutionContext.java:339)
	at org.eclipse.m2e.core.internal.embedder.MavenExecutionContext.execute(MavenExecutionContext.java:278)
	at org.eclipse.m2e.core.internal.builder.MavenBuilder$BuildMethod.execute(MavenBuilder.java:83)
	at org.eclipse.m2e.core.internal.builder.MavenBuilder.build(MavenBuilder.java:192)
	at org.eclipse.core.internal.events.BuildManager$2.run(BuildManager.java:1077)
	at org.eclipse.core.runtime.SafeRunner.run(SafeRunner.java:47)
	at org.eclipse.core.internal.events.BuildManager.basicBuild(BuildManager.java:296)
	at org.eclipse.core.internal.events.BuildManager.basicBuild(BuildManager.java:352)
	at org.eclipse.core.internal.events.BuildManager$1.run(BuildManager.java:441)
	at org.eclipse.core.runtime.SafeRunner.run(SafeRunner.java:47)
	at org.eclipse.core.internal.events.BuildManager.basicBuild(BuildManager.java:444)
	at org.eclipse.core.internal.events.BuildManager.basicBuildLoop(BuildManager.java:555)
	at org.eclipse.core.internal.events.BuildManager.basicBuildLoop(BuildManager.java:503)
	at org.eclipse.core.internal.events.BuildManager.build(BuildManager.java:585)
	at org.eclipse.core.internal.events.AutoBuildJob.doBuild(AutoBuildJob.java:207)
	at org.eclipse.core.internal.events.AutoBuildJob.run(AutoBuildJob.java:300)
	at org.eclipse.core.internal.jobs.Worker.run(Worker.java:63)
Caused by: java.lang.Exception: File not found: C:\Users\furka\Desktop\JAVA\İLERİ JAVA\dev-spring-boot\03-spring-boot-hibernate-jpa-crud\01-cruddemo-student-create\pom.xml.
	at org.eclipse.core.internal.resources.ResourceException.provideStackTrace(ResourceException.java:42)
	at org.eclipse.core.internal.resources.ResourceException.<init>(ResourceException.java:38)
	... 27 common frames omitted
2024-09-02 15:38:59,779 [Worker-4: Loading available Gradle versions] INFO  o.e.b.c.i.u.g.PublishedGradleVersions - Gradle version information cache is up-to-date. Trying to read.
2024-09-02 15:40:30,710 [Worker-24: Importing Maven projects] INFO  o.e.m.c.i.l.LifecycleMappingFactory - Using org.eclipse.m2e.jdt.JarLifecycleMapping lifecycle mapping for MavenProject: com.example:cruddemo:0.0.1-SNAPSHOT @ C:\Users\furka\Desktop\JAVA\İLERİ JAVA\dev-spring-boot\03-spring-boot-hibernate-jpa-crud\01-cruddemo-student\pom.xml.
2024-09-02 15:40:31,586 [Worker-24: Importing Maven projects] INFO  o.e.m.j.i.AbstractJavaProjectConfigurator - Adding source folder /01-cruddemo-student/src/main/java
2024-09-02 15:40:31,589 [Worker-24: Importing Maven projects] INFO  o.e.m.j.i.AbstractJavaProjectConfigurator - Adding resource folder /01-cruddemo-student/src/main/resources
2024-09-02 15:40:31,590 [Worker-24: Importing Maven projects] INFO  o.e.m.j.i.AbstractJavaProjectConfigurator - Adding resource folder /01-cruddemo-student/src/main/resources
2024-09-02 15:40:31,591 [Worker-24: Importing Maven projects] INFO  o.e.m.j.i.AbstractJavaProjectConfigurator - Adding source folder /01-cruddemo-student/src/test/java
2024-09-02 15:40:31,592 [Worker-24: Importing Maven projects] INFO  o.e.m.j.i.AbstractJavaProjectConfigurator - Adding resource folder /01-cruddemo-student/src/test/resources
2024-09-02 15:40:31,844 [Worker-24: Importing Maven projects] INFO  o.e.m.c.i.p.ProjectConfigurationManager - Imported and configured 1 project(s) in 2 sec
2024-09-02 15:40:33,637 [Worker-17: Building] INFO  o.a.m.s.f.DefaultMavenResourcesFiltering - Copying 1 resource from src\main\resources to target\classes
2024-09-02 15:40:33,693 [Worker-17: Building] INFO  o.a.m.s.f.DefaultMavenResourcesFiltering - Copying 0 resource from src\main\resources to target\classes
2024-09-02 15:40:33,700 [Worker-17: Building] INFO  o.a.m.s.f.DefaultMavenResourcesFiltering - skip non existing resourceDirectory C:\Users\furka\Desktop\JAVA\İLERİ JAVA\dev-spring-boot\03-spring-boot-hibernate-jpa-crud\01-cruddemo-student\src\test\resources
2024-09-02 15:40:43,048 [Worker-21: Building] INFO  o.a.m.s.f.DefaultMavenResourcesFiltering - Copying 1 resource from src\main\resources to target\classes
2024-09-02 15:40:43,053 [Worker-21: Building] INFO  o.a.m.s.f.DefaultMavenResourcesFiltering - Copying 0 resource from src\main\resources to target\classes
2024-09-02 15:40:43,056 [Worker-21: Building] INFO  o.a.m.s.f.DefaultMavenResourcesFiltering - skip non existing resourceDirectory C:\Users\furka\Desktop\JAVA\İLERİ JAVA\dev-spring-boot\03-spring-boot-hibernate-jpa-crud\01-cruddemo-student\src\test\resources
2024-09-02 15:42:52,165 [Start Help Server] INFO  org.eclipse.jetty.server.Server - jetty-12.0.9; built: 2024-05-03T13:03:17.262Z; git: efe8023327e67287f9bfd006700e6a71d45b5dd6; jvm 22.0.1+8-16
2024-09-02 15:42:52,280 [Start Help Server] INFO  o.e.j.server.handler.ContextHandler - Started oeje8n.ContextHandler$CoreContextHandler@22a2a756{/help,/help,b=null,a=AVAILABLE,h=oeje8n.ContextHandler$CoreContextHandler$CoreToNestedHandler@5921c603{STARTED}}
2024-09-02 15:42:52,281 [Start Help Server] INFO  o.e.j.s.DefaultSessionIdManager - Session workerName=node0
2024-09-02 15:42:52,325 [Start Help Server] INFO  o.e.jetty.server.AbstractConnector - Started ServerConnector@c76a485{HTTP/1.1, (http/1.1)}{127.0.0.1:57822}
2024-09-02 15:42:52,333 [Start Help Server] INFO  org.eclipse.jetty.server.Server - Started oejs.Server@117be2b0{STARTING}[12.0.9,sto=0] @243345ms
2024-09-02 15:43:26,078 [Worker-32: Building] INFO  o.a.m.s.f.DefaultMavenResourcesFiltering - Copying 1 resource from src\main\resources to target\classes
2024-09-02 15:43:26,080 [Worker-32: Building] INFO  o.a.m.s.f.DefaultMavenResourcesFiltering - Copying 0 resource from src\main\resources to target\classes
2024-09-02 15:43:26,083 [Worker-32: Building] INFO  o.a.m.s.f.DefaultMavenResourcesFiltering - skip non existing resourceDirectory C:\Users\furka\Desktop\JAVA\İLERİ JAVA\dev-spring-boot\03-spring-boot-hibernate-jpa-crud\01-cruddemo-student\src\test\resources
2024-09-02 16:00:56,633 [Worker-29: Building] INFO  o.e.m.c.i.l.LifecycleMappingFactory - Using org.eclipse.m2e.jdt.JarLifecycleMapping lifecycle mapping for MavenProject: com.example:cruddemo:0.0.1-SNAPSHOT @ C:\Users\furka\Desktop\JAVA\İLERİ JAVA\dev-spring-boot\03-spring-boot-hibernate-jpa-crud\01-cruddemo-student\pom.xml.
2024-09-02 16:00:57,385 [Worker-29: Building] INFO  o.a.m.s.f.DefaultMavenResourcesFiltering - Copying 0 resource from src\main\resources to target\classes
2024-09-02 16:00:57,385 [Worker-29: Building] INFO  o.a.m.s.f.DefaultMavenResourcesFiltering - Copying 0 resource from src\main\resources to target\classes
2024-09-02 16:00:57,390 [Worker-29: Building] INFO  o.a.m.s.f.DefaultMavenResourcesFiltering - skip non existing resourceDirectory C:\Users\furka\Desktop\JAVA\İLERİ JAVA\dev-spring-boot\03-spring-boot-hibernate-jpa-crud\01-cruddemo-student\src\test\resources
2024-09-02 16:00:58,525 [Worker-29: Building] INFO  o.a.m.s.f.DefaultMavenResourcesFiltering - Copying 1 resource from src\main\resources to target\classes
2024-09-02 16:00:58,537 [Worker-29: Building] INFO  o.a.m.s.f.DefaultMavenResourcesFiltering - Copying 0 resource from src\main\resources to target\classes
2024-09-02 16:00:58,540 [Worker-29: Building] INFO  o.a.m.s.f.DefaultMavenResourcesFiltering - skip non existing resourceDirectory C:\Users\furka\Desktop\JAVA\İLERİ JAVA\dev-spring-boot\03-spring-boot-hibernate-jpa-crud\01-cruddemo-student\src\test\resources
2024-09-02 16:01:24,440 [Worker-3: Building] INFO  o.a.m.s.f.DefaultMavenResourcesFiltering - Copying 1 resource from src\main\resources to target\classes
2024-09-02 16:01:24,444 [Worker-3: Building] INFO  o.a.m.s.f.DefaultMavenResourcesFiltering - Copying 0 resource from src\main\resources to target\classes
2024-09-02 16:01:24,448 [Worker-3: Building] INFO  o.a.m.s.f.DefaultMavenResourcesFiltering - skip non existing resourceDirectory C:\Users\furka\Desktop\JAVA\İLERİ JAVA\dev-spring-boot\03-spring-boot-hibernate-jpa-crud\01-cruddemo-student\src\test\resources
2024-09-02 16:01:38,277 [Worker-29: Building] INFO  o.a.m.s.f.DefaultMavenResourcesFiltering - Copying 1 resource from src\main\resources to target\classes
2024-09-02 16:01:38,280 [Worker-29: Building] INFO  o.a.m.s.f.DefaultMavenResourcesFiltering - Copying 0 resource from src\main\resources to target\classes
2024-09-02 16:01:38,282 [Worker-29: Building] INFO  o.a.m.s.f.DefaultMavenResourcesFiltering - skip non existing resourceDirectory C:\Users\furka\Desktop\JAVA\İLERİ JAVA\dev-spring-boot\03-spring-boot-hibernate-jpa-crud\01-cruddemo-student\src\test\resources
2024-09-02 16:05:25,754 [Worker-36: Building] INFO  o.a.m.s.f.DefaultMavenResourcesFiltering - Copying 1 resource from src\main\resources to target\classes
2024-09-02 16:05:25,758 [Worker-36: Building] INFO  o.a.m.s.f.DefaultMavenResourcesFiltering - Copying 0 resource from src\main\resources to target\classes
2024-09-02 16:05:25,760 [Worker-36: Building] INFO  o.a.m.s.f.DefaultMavenResourcesFiltering - skip non existing resourceDirectory C:\Users\furka\Desktop\JAVA\İLERİ JAVA\dev-spring-boot\03-spring-boot-hibernate-jpa-crud\01-cruddemo-student\src\test\resources
2024-09-02 16:05:51,522 [Worker-40: Building] INFO  o.a.m.s.f.DefaultMavenResourcesFiltering - Copying 1 resource from src\main\resources to target\classes
2024-09-02 16:05:51,530 [Worker-40: Building] INFO  o.a.m.s.f.DefaultMavenResourcesFiltering - Copying 0 resource from src\main\resources to target\classes
2024-09-02 16:05:51,532 [Worker-40: Building] INFO  o.a.m.s.f.DefaultMavenResourcesFiltering - skip non existing resourceDirectory C:\Users\furka\Desktop\JAVA\İLERİ JAVA\dev-spring-boot\03-spring-boot-hibernate-jpa-crud\01-cruddemo-student\src\test\resources
2024-09-02 16:06:27,866 [Worker-36: Building] INFO  o.a.m.s.f.DefaultMavenResourcesFiltering - Copying 1 resource from src\main\resources to target\classes
2024-09-02 16:06:27,869 [Worker-36: Building] INFO  o.a.m.s.f.DefaultMavenResourcesFiltering - Copying 0 resource from src\main\resources to target\classes
2024-09-02 16:06:27,871 [Worker-36: Building] INFO  o.a.m.s.f.DefaultMavenResourcesFiltering - skip non existing resourceDirectory C:\Users\furka\Desktop\JAVA\İLERİ JAVA\dev-spring-boot\03-spring-boot-hibernate-jpa-crud\01-cruddemo-student\src\test\resources
2024-09-02 16:07:31,967 [Worker-40: Building] INFO  o.a.m.s.f.DefaultMavenResourcesFiltering - Copying 1 resource from src\main\resources to target\classes
2024-09-02 16:07:31,970 [Worker-40: Building] INFO  o.a.m.s.f.DefaultMavenResourcesFiltering - Copying 0 resource from src\main\resources to target\classes
2024-09-02 16:07:31,972 [Worker-40: Building] INFO  o.a.m.s.f.DefaultMavenResourcesFiltering - skip non existing resourceDirectory C:\Users\furka\Desktop\JAVA\İLERİ JAVA\dev-spring-boot\03-spring-boot-hibernate-jpa-crud\01-cruddemo-student\src\test\resources
2024-09-02 16:07:45,575 [Worker-36: Building] INFO  o.a.m.s.f.DefaultMavenResourcesFiltering - Copying 1 resource from src\main\resources to target\classes
2024-09-02 16:07:45,578 [Worker-36: Building] INFO  o.a.m.s.f.DefaultMavenResourcesFiltering - Copying 0 resource from src\main\resources to target\classes
2024-09-02 16:07:45,580 [Worker-36: Building] INFO  o.a.m.s.f.DefaultMavenResourcesFiltering - skip non existing resourceDirectory C:\Users\furka\Desktop\JAVA\İLERİ JAVA\dev-spring-boot\03-spring-boot-hibernate-jpa-crud\01-cruddemo-student\src\test\resources
2024-09-02 16:08:29,248 [Worker-29: Building] INFO  o.a.m.s.f.DefaultMavenResourcesFiltering - Copying 1 resource from src\main\resources to target\classes
2024-09-02 16:08:29,251 [Worker-29: Building] INFO  o.a.m.s.f.DefaultMavenResourcesFiltering - Copying 0 resource from src\main\resources to target\classes
2024-09-02 16:08:29,252 [Worker-29: Building] INFO  o.a.m.s.f.DefaultMavenResourcesFiltering - skip non existing resourceDirectory C:\Users\furka\Desktop\JAVA\İLERİ JAVA\dev-spring-boot\03-spring-boot-hibernate-jpa-crud\01-cruddemo-student\src\test\resources
2024-09-02 16:16:41,763 [Worker-40: Building] INFO  o.a.m.s.f.DefaultMavenResourcesFiltering - Copying 1 resource from src\main\resources to target\classes
2024-09-02 16:16:41,807 [Worker-40: Building] INFO  o.a.m.s.f.DefaultMavenResourcesFiltering - Copying 0 resource from src\main\resources to target\classes
2024-09-02 16:16:41,816 [Worker-40: Building] INFO  o.a.m.s.f.DefaultMavenResourcesFiltering - skip non existing resourceDirectory C:\Users\furka\Desktop\JAVA\İLERİ JAVA\dev-spring-boot\03-spring-boot-hibernate-jpa-crud\01-cruddemo-student\src\test\resources
2024-09-02 16:16:43,156 [Stop Help Server] INFO  org.eclipse.jetty.server.Server - Stopped oejs.Server@117be2b0{STOPPING}[12.0.9,sto=0]
2024-09-02 16:16:43,175 [Stop Help Server] INFO  o.e.jetty.server.AbstractConnector - Stopped ServerConnector@c76a485{HTTP/1.1, (http/1.1)}{127.0.0.1:0}
2024-09-03 14:33:47,753 [Worker-6: Loading available Gradle versions] INFO  o.e.b.c.i.u.g.PublishedGradleVersions - Gradle version information cache is up-to-date. Trying to read.
2024-09-03 14:34:20,165 [Worker-30: Building] INFO  o.a.m.s.f.DefaultMavenResourcesFiltering - Copying 1 resource from src\main\resources to target\classes
2024-09-03 14:34:20,214 [Worker-30: Building] INFO  o.a.m.s.f.DefaultMavenResourcesFiltering - Copying 0 resource from src\main\resources to target\classes
2024-09-03 14:34:20,221 [Worker-30: Building] INFO  o.a.m.s.f.DefaultMavenResourcesFiltering - skip non existing resourceDirectory C:\Users\furka\Desktop\JAVA\İLERİ JAVA\dev-spring-boot\03-spring-boot-hibernate-jpa-crud\01-cruddemo-student\src\test\resources
2024-09-03 14:36:07,937 [Worker-37: Building] INFO  o.a.m.s.f.DefaultMavenResourcesFiltering - Copying 1 resource from src\main\resources to target\classes
2024-09-03 14:36:07,941 [Worker-37: Building] INFO  o.a.m.s.f.DefaultMavenResourcesFiltering - Copying 0 resource from src\main\resources to target\classes
2024-09-03 14:36:07,945 [Worker-37: Building] INFO  o.a.m.s.f.DefaultMavenResourcesFiltering - skip non existing resourceDirectory C:\Users\furka\Desktop\JAVA\İLERİ JAVA\dev-spring-boot\03-spring-boot-hibernate-jpa-crud\01-cruddemo-student\src\test\resources
2024-09-03 14:36:21,012 [Worker-16: Building] INFO  o.a.m.s.f.DefaultMavenResourcesFiltering - Copying 1 resource from src\main\resources to target\classes
2024-09-03 14:36:21,015 [Worker-16: Building] INFO  o.a.m.s.f.DefaultMavenResourcesFiltering - Copying 0 resource from src\main\resources to target\classes
2024-09-03 14:36:21,018 [Worker-16: Building] INFO  o.a.m.s.f.DefaultMavenResourcesFiltering - skip non existing resourceDirectory C:\Users\furka\Desktop\JAVA\İLERİ JAVA\dev-spring-boot\03-spring-boot-hibernate-jpa-crud\01-cruddemo-student\src\test\resources
2024-09-03 14:36:47,886 [Worker-15: Building] INFO  o.a.m.s.f.DefaultMavenResourcesFiltering - Copying 1 resource from src\main\resources to target\classes
2024-09-03 14:36:47,891 [Worker-15: Building] INFO  o.a.m.s.f.DefaultMavenResourcesFiltering - Copying 0 resource from src\main\resources to target\classes
2024-09-03 14:36:47,896 [Worker-15: Building] INFO  o.a.m.s.f.DefaultMavenResourcesFiltering - skip non existing resourceDirectory C:\Users\furka\Desktop\JAVA\İLERİ JAVA\dev-spring-boot\03-spring-boot-hibernate-jpa-crud\01-cruddemo-student\src\test\resources
2024-09-03 14:36:54,883 [Worker-9: Building] INFO  o.a.m.s.f.DefaultMavenResourcesFiltering - Copying 1 resource from src\main\resources to target\classes
2024-09-03 14:36:54,887 [Worker-9: Building] INFO  o.a.m.s.f.DefaultMavenResourcesFiltering - Copying 0 resource from src\main\resources to target\classes
2024-09-03 14:36:54,890 [Worker-9: Building] INFO  o.a.m.s.f.DefaultMavenResourcesFiltering - skip non existing resourceDirectory C:\Users\furka\Desktop\JAVA\İLERİ JAVA\dev-spring-boot\03-spring-boot-hibernate-jpa-crud\01-cruddemo-student\src\test\resources
2024-09-03 14:37:09,342 [Worker-2: Building] INFO  o.a.m.s.f.DefaultMavenResourcesFiltering - Copying 1 resource from src\main\resources to target\classes
2024-09-03 14:37:09,345 [Worker-2: Building] INFO  o.a.m.s.f.DefaultMavenResourcesFiltering - Copying 0 resource from src\main\resources to target\classes
2024-09-03 14:37:09,349 [Worker-2: Building] INFO  o.a.m.s.f.DefaultMavenResourcesFiltering - skip non existing resourceDirectory C:\Users\furka\Desktop\JAVA\İLERİ JAVA\dev-spring-boot\03-spring-boot-hibernate-jpa-crud\01-cruddemo-student\src\test\resources
2024-09-03 14:37:23,578 [Start Help Server] INFO  org.eclipse.jetty.server.Server - jetty-12.0.9; built: 2024-05-03T13:03:17.262Z; git: efe8023327e67287f9bfd006700e6a71d45b5dd6; jvm 22.0.1+8-16
2024-09-03 14:37:23,701 [Start Help Server] INFO  o.e.j.server.handler.ContextHandler - Started oeje8n.ContextHandler$CoreContextHandler@4b7a4d5e{/help,/help,b=null,a=AVAILABLE,h=oeje8n.ContextHandler$CoreContextHandler$CoreToNestedHandler@9a24232{STARTED}}
2024-09-03 14:37:23,702 [Start Help Server] INFO  o.e.j.s.DefaultSessionIdManager - Session workerName=node0
2024-09-03 14:37:23,741 [Start Help Server] INFO  o.e.jetty.server.AbstractConnector - Started ServerConnector@7b459e1a{HTTP/1.1, (http/1.1)}{127.0.0.1:50255}
2024-09-03 14:37:23,748 [Start Help Server] INFO  org.eclipse.jetty.server.Server - Started oejs.Server@6b05f318{STARTING}[12.0.9,sto=0] @249304ms
2024-09-03 14:37:27,117 [Worker-37: Building] INFO  o.a.m.s.f.DefaultMavenResourcesFiltering - Copying 1 resource from src\main\resources to target\classes
2024-09-03 14:37:27,120 [Worker-37: Building] INFO  o.a.m.s.f.DefaultMavenResourcesFiltering - Copying 0 resource from src\main\resources to target\classes
2024-09-03 14:37:27,123 [Worker-37: Building] INFO  o.a.m.s.f.DefaultMavenResourcesFiltering - skip non existing resourceDirectory C:\Users\furka\Desktop\JAVA\İLERİ JAVA\dev-spring-boot\03-spring-boot-hibernate-jpa-crud\01-cruddemo-student\src\test\resources
2024-09-03 14:37:43,155 [Worker-38: Building] INFO  o.a.m.s.f.DefaultMavenResourcesFiltering - Copying 1 resource from src\main\resources to target\classes
2024-09-03 14:37:43,158 [Worker-38: Building] INFO  o.a.m.s.f.DefaultMavenResourcesFiltering - Copying 0 resource from src\main\resources to target\classes
2024-09-03 14:37:43,160 [Worker-38: Building] INFO  o.a.m.s.f.DefaultMavenResourcesFiltering - skip non existing resourceDirectory C:\Users\furka\Desktop\JAVA\İLERİ JAVA\dev-spring-boot\03-spring-boot-hibernate-jpa-crud\01-cruddemo-student\src\test\resources
2024-09-03 14:37:46,411 [Worker-16: Building] INFO  o.a.m.s.f.DefaultMavenResourcesFiltering - Copying 1 resource from src\main\resources to target\classes
2024-09-03 14:37:46,414 [Worker-16: Building] INFO  o.a.m.s.f.DefaultMavenResourcesFiltering - Copying 0 resource from src\main\resources to target\classes
2024-09-03 14:37:46,416 [Worker-16: Building] INFO  o.a.m.s.f.DefaultMavenResourcesFiltering - skip non existing resourceDirectory C:\Users\furka\Desktop\JAVA\İLERİ JAVA\dev-spring-boot\03-spring-boot-hibernate-jpa-crud\01-cruddemo-student\src\test\resources
2024-09-03 14:37:57,296 [Worker-15: Building] INFO  o.a.m.s.f.DefaultMavenResourcesFiltering - Copying 1 resource from src\main\resources to target\classes
2024-09-03 14:37:57,299 [Worker-15: Building] INFO  o.a.m.s.f.DefaultMavenResourcesFiltering - Copying 0 resource from src\main\resources to target\classes
2024-09-03 14:37:57,301 [Worker-15: Building] INFO  o.a.m.s.f.DefaultMavenResourcesFiltering - skip non existing resourceDirectory C:\Users\furka\Desktop\JAVA\İLERİ JAVA\dev-spring-boot\03-spring-boot-hibernate-jpa-crud\01-cruddemo-student\src\test\resources
2024-09-03 14:38:19,161 [Worker-38: Building] INFO  o.a.m.s.f.DefaultMavenResourcesFiltering - Copying 1 resource from src\main\resources to target\classes
2024-09-03 14:38:19,165 [Worker-38: Building] INFO  o.a.m.s.f.DefaultMavenResourcesFiltering - Copying 0 resource from src\main\resources to target\classes
2024-09-03 14:38:19,168 [Worker-38: Building] INFO  o.a.m.s.f.DefaultMavenResourcesFiltering - skip non existing resourceDirectory C:\Users\furka\Desktop\JAVA\İLERİ JAVA\dev-spring-boot\03-spring-boot-hibernate-jpa-crud\01-cruddemo-student\src\test\resources
2024-09-03 14:38:23,519 [Worker-17: Building] INFO  o.a.m.s.f.DefaultMavenResourcesFiltering - Copying 1 resource from src\main\resources to target\classes
2024-09-03 14:38:23,522 [Worker-17: Building] INFO  o.a.m.s.f.DefaultMavenResourcesFiltering - Copying 0 resource from src\main\resources to target\classes
2024-09-03 14:38:23,525 [Worker-17: Building] INFO  o.a.m.s.f.DefaultMavenResourcesFiltering - skip non existing resourceDirectory C:\Users\furka\Desktop\JAVA\İLERİ JAVA\dev-spring-boot\03-spring-boot-hibernate-jpa-crud\01-cruddemo-student\src\test\resources
2024-09-03 14:40:26,754 [Worker-2: Building] INFO  o.a.m.s.f.DefaultMavenResourcesFiltering - Copying 1 resource from src\main\resources to target\classes
2024-09-03 14:40:26,757 [Worker-2: Building] INFO  o.a.m.s.f.DefaultMavenResourcesFiltering - Copying 0 resource from src\main\resources to target\classes
2024-09-03 14:40:26,758 [Worker-2: Building] INFO  o.a.m.s.f.DefaultMavenResourcesFiltering - skip non existing resourceDirectory C:\Users\furka\Desktop\JAVA\İLERİ JAVA\dev-spring-boot\03-spring-boot-hibernate-jpa-crud\01-cruddemo-student\src\test\resources
2024-09-03 14:40:30,794 [Worker-2: Building] INFO  o.a.m.s.f.DefaultMavenResourcesFiltering - Copying 1 resource from src\main\resources to target\classes
2024-09-03 14:40:30,799 [Worker-2: Building] INFO  o.a.m.s.f.DefaultMavenResourcesFiltering - Copying 0 resource from src\main\resources to target\classes
2024-09-03 14:40:30,802 [Worker-2: Building] INFO  o.a.m.s.f.DefaultMavenResourcesFiltering - skip non existing resourceDirectory C:\Users\furka\Desktop\JAVA\İLERİ JAVA\dev-spring-boot\03-spring-boot-hibernate-jpa-crud\01-cruddemo-student\src\test\resources
2024-09-03 14:40:43,671 [Worker-38: Building] INFO  o.a.m.s.f.DefaultMavenResourcesFiltering - Copying 1 resource from src\main\resources to target\classes
2024-09-03 14:40:43,674 [Worker-38: Building] INFO  o.a.m.s.f.DefaultMavenResourcesFiltering - Copying 0 resource from src\main\resources to target\classes
2024-09-03 14:40:43,677 [Worker-38: Building] INFO  o.a.m.s.f.DefaultMavenResourcesFiltering - skip non existing resourceDirectory C:\Users\furka\Desktop\JAVA\İLERİ JAVA\dev-spring-boot\03-spring-boot-hibernate-jpa-crud\01-cruddemo-student\src\test\resources
2024-09-03 14:42:33,916 [Worker-40: Building] INFO  o.a.m.s.f.DefaultMavenResourcesFiltering - Copying 1 resource from src\main\resources to target\classes
2024-09-03 14:42:33,921 [Worker-40: Building] INFO  o.a.m.s.f.DefaultMavenResourcesFiltering - Copying 0 resource from src\main\resources to target\classes
2024-09-03 14:42:33,923 [Worker-40: Building] INFO  o.a.m.s.f.DefaultMavenResourcesFiltering - skip non existing resourceDirectory C:\Users\furka\Desktop\JAVA\İLERİ JAVA\dev-spring-boot\03-spring-boot-hibernate-jpa-crud\01-cruddemo-student\src\test\resources
2024-09-03 14:44:07,475 [Worker-16: Building] INFO  o.a.m.s.f.DefaultMavenResourcesFiltering - Copying 1 resource from src\main\resources to target\classes
2024-09-03 14:44:07,478 [Worker-16: Building] INFO  o.a.m.s.f.DefaultMavenResourcesFiltering - Copying 0 resource from src\main\resources to target\classes
2024-09-03 14:44:07,480 [Worker-16: Building] INFO  o.a.m.s.f.DefaultMavenResourcesFiltering - skip non existing resourceDirectory C:\Users\furka\Desktop\JAVA\İLERİ JAVA\dev-spring-boot\03-spring-boot-hibernate-jpa-crud\01-cruddemo-student\src\test\resources
2024-09-03 14:45:25,834 [Worker-17: Building] INFO  o.a.m.s.f.DefaultMavenResourcesFiltering - Copying 1 resource from src\main\resources to target\classes
2024-09-03 14:45:25,839 [Worker-17: Building] INFO  o.a.m.s.f.DefaultMavenResourcesFiltering - Copying 0 resource from src\main\resources to target\classes
2024-09-03 14:45:25,842 [Worker-17: Building] INFO  o.a.m.s.f.DefaultMavenResourcesFiltering - skip non existing resourceDirectory C:\Users\furka\Desktop\JAVA\İLERİ JAVA\dev-spring-boot\03-spring-boot-hibernate-jpa-crud\01-cruddemo-student\src\test\resources
2024-09-03 14:45:32,233 [Worker-9: Building] INFO  o.a.m.s.f.DefaultMavenResourcesFiltering - Copying 1 resource from src\main\resources to target\classes
2024-09-03 14:45:32,236 [Worker-9: Building] INFO  o.a.m.s.f.DefaultMavenResourcesFiltering - Copying 0 resource from src\main\resources to target\classes
2024-09-03 14:45:32,238 [Worker-9: Building] INFO  o.a.m.s.f.DefaultMavenResourcesFiltering - skip non existing resourceDirectory C:\Users\furka\Desktop\JAVA\İLERİ JAVA\dev-spring-boot\03-spring-boot-hibernate-jpa-crud\01-cruddemo-student\src\test\resources
2024-09-03 14:46:37,103 [Worker-37: Building] INFO  o.a.m.s.f.DefaultMavenResourcesFiltering - Copying 1 resource from src\main\resources to target\classes
2024-09-03 14:46:37,107 [Worker-37: Building] INFO  o.a.m.s.f.DefaultMavenResourcesFiltering - Copying 0 resource from src\main\resources to target\classes
2024-09-03 14:46:37,109 [Worker-37: Building] INFO  o.a.m.s.f.DefaultMavenResourcesFiltering - skip non existing resourceDirectory C:\Users\furka\Desktop\JAVA\İLERİ JAVA\dev-spring-boot\03-spring-boot-hibernate-jpa-crud\01-cruddemo-student\src\test\resources
2024-09-03 14:46:39,433 [Worker-37: Building] INFO  o.a.m.s.f.DefaultMavenResourcesFiltering - Copying 1 resource from src\main\resources to target\classes
2024-09-03 14:46:39,436 [Worker-37: Building] INFO  o.a.m.s.f.DefaultMavenResourcesFiltering - Copying 0 resource from src\main\resources to target\classes
2024-09-03 14:46:39,441 [Worker-37: Building] INFO  o.a.m.s.f.DefaultMavenResourcesFiltering - skip non existing resourceDirectory C:\Users\furka\Desktop\JAVA\İLERİ JAVA\dev-spring-boot\03-spring-boot-hibernate-jpa-crud\01-cruddemo-student\src\test\resources
2024-09-03 14:47:32,008 [Worker-35: Building] INFO  o.a.m.s.f.DefaultMavenResourcesFiltering - Copying 1 resource from src\main\resources to target\classes
2024-09-03 14:47:32,014 [Worker-35: Building] INFO  o.a.m.s.f.DefaultMavenResourcesFiltering - Copying 0 resource from src\main\resources to target\classes
2024-09-03 14:47:32,015 [Worker-35: Building] INFO  o.a.m.s.f.DefaultMavenResourcesFiltering - skip non existing resourceDirectory C:\Users\furka\Desktop\JAVA\İLERİ JAVA\dev-spring-boot\03-spring-boot-hibernate-jpa-crud\01-cruddemo-student\src\test\resources
2024-09-03 14:47:57,167 [Worker-40: Building] INFO  o.a.m.s.f.DefaultMavenResourcesFiltering - Copying 1 resource from src\main\resources to target\classes
2024-09-03 14:47:57,169 [Worker-40: Building] INFO  o.a.m.s.f.DefaultMavenResourcesFiltering - Copying 0 resource from src\main\resources to target\classes
2024-09-03 14:47:57,171 [Worker-40: Building] INFO  o.a.m.s.f.DefaultMavenResourcesFiltering - skip non existing resourceDirectory C:\Users\furka\Desktop\JAVA\İLERİ JAVA\dev-spring-boot\03-spring-boot-hibernate-jpa-crud\01-cruddemo-student\src\test\resources
2024-09-03 14:50:37,744 [Worker-35: Building] INFO  o.a.m.s.f.DefaultMavenResourcesFiltering - Copying 1 resource from src\main\resources to target\classes
2024-09-03 14:50:37,750 [Worker-35: Building] INFO  o.a.m.s.f.DefaultMavenResourcesFiltering - Copying 0 resource from src\main\resources to target\classes
2024-09-03 14:50:37,752 [Worker-35: Building] INFO  o.a.m.s.f.DefaultMavenResourcesFiltering - skip non existing resourceDirectory C:\Users\furka\Desktop\JAVA\İLERİ JAVA\dev-spring-boot\03-spring-boot-hibernate-jpa-crud\01-cruddemo-student\src\test\resources
2024-09-03 14:53:21,530 [Worker-5: Building] INFO  o.a.m.s.f.DefaultMavenResourcesFiltering - Copying 1 resource from src\main\resources to target\classes
2024-09-03 14:53:21,534 [Worker-5: Building] INFO  o.a.m.s.f.DefaultMavenResourcesFiltering - Copying 0 resource from src\main\resources to target\classes
2024-09-03 14:53:21,537 [Worker-5: Building] INFO  o.a.m.s.f.DefaultMavenResourcesFiltering - skip non existing resourceDirectory C:\Users\furka\Desktop\JAVA\İLERİ JAVA\dev-spring-boot\03-spring-boot-hibernate-jpa-crud\01-cruddemo-student\src\test\resources
2024-09-03 14:54:15,460 [Worker-35: Building] INFO  o.a.m.s.f.DefaultMavenResourcesFiltering - Copying 1 resource from src\main\resources to target\classes
2024-09-03 14:54:15,471 [Worker-35: Building] INFO  o.a.m.s.f.DefaultMavenResourcesFiltering - Copying 0 resource from src\main\resources to target\classes
2024-09-03 14:54:15,476 [Worker-35: Building] INFO  o.a.m.s.f.DefaultMavenResourcesFiltering - skip non existing resourceDirectory C:\Users\furka\Desktop\JAVA\İLERİ JAVA\dev-spring-boot\03-spring-boot-hibernate-jpa-crud\01-cruddemo-student\src\test\resources
2024-09-03 14:54:21,659 [main] INFO  o.e.m2e.actions.ExecutePomAction - Creating new launch configuration
2024-09-03 14:55:40,635 [Worker-35: Building] INFO  o.a.m.s.f.DefaultMavenResourcesFiltering - Copying 1 resource from src\main\resources to target\classes
2024-09-03 14:55:40,638 [Worker-35: Building] INFO  o.a.m.s.f.DefaultMavenResourcesFiltering - Copying 0 resource from src\main\resources to target\classes
2024-09-03 14:55:40,639 [Worker-35: Building] INFO  o.a.m.s.f.DefaultMavenResourcesFiltering - skip non existing resourceDirectory C:\Users\furka\Desktop\JAVA\İLERİ JAVA\dev-spring-boot\03-spring-boot-hibernate-jpa-crud\01-cruddemo-student\src\test\resources
2024-09-03 15:35:31,538 [Worker-41: Building] INFO  o.a.m.s.f.DefaultMavenResourcesFiltering - Copying 1 resource from src\main\resources to target\classes
2024-09-03 15:35:31,542 [Worker-41: Building] INFO  o.a.m.s.f.DefaultMavenResourcesFiltering - Copying 0 resource from src\main\resources to target\classes
2024-09-03 15:35:31,544 [Worker-41: Building] INFO  o.a.m.s.f.DefaultMavenResourcesFiltering - skip non existing resourceDirectory C:\Users\furka\Desktop\JAVA\İLERİ JAVA\dev-spring-boot\03-spring-boot-hibernate-jpa-crud\01-cruddemo-student\src\test\resources
2024-09-03 15:35:51,788 [Worker-41: Building] INFO  o.a.m.s.f.DefaultMavenResourcesFiltering - Copying 1 resource from src\main\resources to target\classes
2024-09-03 15:35:51,803 [Worker-41: Building] INFO  o.a.m.s.f.DefaultMavenResourcesFiltering - Copying 0 resource from src\main\resources to target\classes
2024-09-03 15:35:51,805 [Worker-41: Building] INFO  o.a.m.s.f.DefaultMavenResourcesFiltering - skip non existing resourceDirectory C:\Users\furka\Desktop\JAVA\İLERİ JAVA\dev-spring-boot\03-spring-boot-hibernate-jpa-crud\01-cruddemo-student\src\test\resources
2024-09-03 15:36:34,952 [Worker-35: Building] INFO  o.a.m.s.f.DefaultMavenResourcesFiltering - Copying 1 resource from src\main\resources to target\classes
2024-09-03 15:36:34,966 [Worker-35: Building] INFO  o.a.m.s.f.DefaultMavenResourcesFiltering - Copying 0 resource from src\main\resources to target\classes
2024-09-03 15:36:34,968 [Worker-35: Building] INFO  o.a.m.s.f.DefaultMavenResourcesFiltering - skip non existing resourceDirectory C:\Users\furka\Desktop\JAVA\İLERİ JAVA\dev-spring-boot\03-spring-boot-hibernate-jpa-crud\01-cruddemo-student\src\test\resources
2024-09-03 15:36:48,730 [Worker-45: Building] INFO  o.a.m.s.f.DefaultMavenResourcesFiltering - Copying 1 resource from src\main\resources to target\classes
2024-09-03 15:36:48,733 [Worker-45: Building] INFO  o.a.m.s.f.DefaultMavenResourcesFiltering - Copying 0 resource from src\main\resources to target\classes
2024-09-03 15:36:48,735 [Worker-45: Building] INFO  o.a.m.s.f.DefaultMavenResourcesFiltering - skip non existing resourceDirectory C:\Users\furka\Desktop\JAVA\İLERİ JAVA\dev-spring-boot\03-spring-boot-hibernate-jpa-crud\01-cruddemo-student\src\test\resources
2024-09-03 15:37:55,319 [Worker-43: Building] INFO  o.a.m.s.f.DefaultMavenResourcesFiltering - Copying 1 resource from src\main\resources to target\classes
2024-09-03 15:37:55,323 [Worker-43: Building] INFO  o.a.m.s.f.DefaultMavenResourcesFiltering - Copying 0 resource from src\main\resources to target\classes
2024-09-03 15:37:55,326 [Worker-43: Building] INFO  o.a.m.s.f.DefaultMavenResourcesFiltering - skip non existing resourceDirectory C:\Users\furka\Desktop\JAVA\İLERİ JAVA\dev-spring-boot\03-spring-boot-hibernate-jpa-crud\01-cruddemo-student\src\test\resources
2024-09-03 15:40:09,600 [Worker-45: Building] INFO  o.a.m.s.f.DefaultMavenResourcesFiltering - Copying 1 resource from src\main\resources to target\classes
2024-09-03 15:40:09,604 [Worker-45: Building] INFO  o.a.m.s.f.DefaultMavenResourcesFiltering - Copying 0 resource from src\main\resources to target\classes
2024-09-03 15:40:09,606 [Worker-45: Building] INFO  o.a.m.s.f.DefaultMavenResourcesFiltering - skip non existing resourceDirectory C:\Users\furka\Desktop\JAVA\İLERİ JAVA\dev-spring-boot\03-spring-boot-hibernate-jpa-crud\01-cruddemo-student\src\test\resources
2024-09-03 15:40:17,378 [Worker-43: Building] INFO  o.a.m.s.f.DefaultMavenResourcesFiltering - Copying 1 resource from src\main\resources to target\classes
2024-09-03 15:40:17,380 [Worker-43: Building] INFO  o.a.m.s.f.DefaultMavenResourcesFiltering - Copying 0 resource from src\main\resources to target\classes
2024-09-03 15:40:17,382 [Worker-43: Building] INFO  o.a.m.s.f.DefaultMavenResourcesFiltering - skip non existing resourceDirectory C:\Users\furka\Desktop\JAVA\İLERİ JAVA\dev-spring-boot\03-spring-boot-hibernate-jpa-crud\01-cruddemo-student\src\test\resources
2024-09-03 15:41:28,888 [Worker-45: Building] INFO  o.a.m.s.f.DefaultMavenResourcesFiltering - Copying 1 resource from src\main\resources to target\classes
2024-09-03 15:41:28,892 [Worker-45: Building] INFO  o.a.m.s.f.DefaultMavenResourcesFiltering - Copying 0 resource from src\main\resources to target\classes
2024-09-03 15:41:28,893 [Worker-45: Building] INFO  o.a.m.s.f.DefaultMavenResourcesFiltering - skip non existing resourceDirectory C:\Users\furka\Desktop\JAVA\İLERİ JAVA\dev-spring-boot\03-spring-boot-hibernate-jpa-crud\01-cruddemo-student\src\test\resources
2024-09-03 15:41:38,796 [Worker-45: Building] INFO  o.a.m.s.f.DefaultMavenResourcesFiltering - Copying 1 resource from src\main\resources to target\classes
2024-09-03 15:41:38,799 [Worker-45: Building] INFO  o.a.m.s.f.DefaultMavenResourcesFiltering - Copying 0 resource from src\main\resources to target\classes
2024-09-03 15:41:38,801 [Worker-45: Building] INFO  o.a.m.s.f.DefaultMavenResourcesFiltering - skip non existing resourceDirectory C:\Users\furka\Desktop\JAVA\İLERİ JAVA\dev-spring-boot\03-spring-boot-hibernate-jpa-crud\01-cruddemo-student\src\test\resources
2024-09-03 15:41:56,668 [Worker-41: Building] INFO  o.a.m.s.f.DefaultMavenResourcesFiltering - Copying 1 resource from src\main\resources to target\classes
2024-09-03 15:41:56,672 [Worker-41: Building] INFO  o.a.m.s.f.DefaultMavenResourcesFiltering - Copying 0 resource from src\main\resources to target\classes
2024-09-03 15:41:56,674 [Worker-41: Building] INFO  o.a.m.s.f.DefaultMavenResourcesFiltering - skip non existing resourceDirectory C:\Users\furka\Desktop\JAVA\İLERİ JAVA\dev-spring-boot\03-spring-boot-hibernate-jpa-crud\01-cruddemo-student\src\test\resources
2024-09-03 15:42:57,586 [Worker-35: Building] INFO  o.a.m.s.f.DefaultMavenResourcesFiltering - Copying 1 resource from src\main\resources to target\classes
2024-09-03 15:42:57,590 [Worker-35: Building] INFO  o.a.m.s.f.DefaultMavenResourcesFiltering - Copying 0 resource from src\main\resources to target\classes
2024-09-03 15:42:57,591 [Worker-35: Building] INFO  o.a.m.s.f.DefaultMavenResourcesFiltering - skip non existing resourceDirectory C:\Users\furka\Desktop\JAVA\İLERİ JAVA\dev-spring-boot\03-spring-boot-hibernate-jpa-crud\01-cruddemo-student\src\test\resources
2024-09-03 15:43:50,105 [Stop Help Server] INFO  org.eclipse.jetty.server.Server - Stopped oejs.Server@6b05f318{STOPPING}[12.0.9,sto=0]
2024-09-03 15:43:50,110 [Stop Help Server] INFO  o.e.jetty.server.AbstractConnector - Stopped ServerConnector@7b459e1a{HTTP/1.1, (http/1.1)}{127.0.0.1:0}
2024-09-07 14:30:30,762 [Worker-6: Loading available Gradle versions] INFO  o.e.b.c.i.u.g.PublishedGradleVersions - Gradle version information cache is out-of-date. Trying to update.
2024-09-07 14:31:53,464 [Start Help Server] INFO  org.eclipse.jetty.server.Server - jetty-12.0.9; built: 2024-05-03T13:03:17.262Z; git: efe8023327e67287f9bfd006700e6a71d45b5dd6; jvm 22.0.1+8-16
2024-09-07 14:31:53,700 [Start Help Server] INFO  o.e.j.server.handler.ContextHandler - Started oeje8n.ContextHandler$CoreContextHandler@28b556c0{/help,/help,b=null,a=AVAILABLE,h=oeje8n.ContextHandler$CoreContextHandler$CoreToNestedHandler@5c77f59{STARTED}}
2024-09-07 14:31:53,702 [Start Help Server] INFO  o.e.j.s.DefaultSessionIdManager - Session workerName=node0
2024-09-07 14:31:53,784 [Start Help Server] INFO  o.e.jetty.server.AbstractConnector - Started ServerConnector@a431383{HTTP/1.1, (http/1.1)}{127.0.0.1:58717}
2024-09-07 14:31:53,802 [Start Help Server] INFO  org.eclipse.jetty.server.Server - Started oejs.Server@30660417{STARTING}[12.0.9,sto=0] @131042ms
2024-09-07 14:32:31,362 [Worker-32: Building] INFO  o.a.m.s.f.DefaultMavenResourcesFiltering - Copying 1 resource from src\main\resources to target\classes
2024-09-07 14:32:31,391 [Worker-32: Building] INFO  o.a.m.s.f.DefaultMavenResourcesFiltering - Copying 0 resource from src\main\resources to target\classes
2024-09-07 14:32:31,397 [Worker-32: Building] INFO  o.a.m.s.f.DefaultMavenResourcesFiltering - skip non existing resourceDirectory C:\Users\furka\Desktop\JAVA\İLERİ JAVA\dev-spring-boot\03-spring-boot-hibernate-jpa-crud\01-cruddemo-student\src\test\resources
2024-09-07 15:16:41,168 [Worker-32: Building] INFO  o.a.m.s.f.DefaultMavenResourcesFiltering - Copying 1 resource from src\main\resources to target\classes
2024-09-07 15:16:41,185 [Worker-32: Building] INFO  o.a.m.s.f.DefaultMavenResourcesFiltering - Copying 0 resource from src\main\resources to target\classes
2024-09-07 15:16:41,196 [Worker-32: Building] INFO  o.a.m.s.f.DefaultMavenResourcesFiltering - skip non existing resourceDirectory C:\Users\furka\Desktop\JAVA\İLERİ JAVA\dev-spring-boot\03-spring-boot-hibernate-jpa-crud\01-cruddemo-student\src\test\resources
2024-09-07 15:17:18,422 [Worker-41: Building] INFO  o.a.m.s.f.DefaultMavenResourcesFiltering - Copying 1 resource from src\main\resources to target\classes
2024-09-07 15:17:18,427 [Worker-41: Building] INFO  o.a.m.s.f.DefaultMavenResourcesFiltering - Copying 0 resource from src\main\resources to target\classes
2024-09-07 15:17:18,431 [Worker-41: Building] INFO  o.a.m.s.f.DefaultMavenResourcesFiltering - skip non existing resourceDirectory C:\Users\furka\Desktop\JAVA\İLERİ JAVA\dev-spring-boot\03-spring-boot-hibernate-jpa-crud\01-cruddemo-student\src\test\resources
2024-09-07 15:18:04,740 [Worker-18: Building] INFO  o.a.m.s.f.DefaultMavenResourcesFiltering - Copying 1 resource from src\main\resources to target\classes
2024-09-07 15:18:04,749 [Worker-18: Building] INFO  o.a.m.s.f.DefaultMavenResourcesFiltering - Copying 0 resource from src\main\resources to target\classes
2024-09-07 15:18:04,755 [Worker-18: Building] INFO  o.a.m.s.f.DefaultMavenResourcesFiltering - skip non existing resourceDirectory C:\Users\furka\Desktop\JAVA\İLERİ JAVA\dev-spring-boot\03-spring-boot-hibernate-jpa-crud\01-cruddemo-student\src\test\resources
2024-09-07 15:18:32,248 [Worker-18: Building] INFO  o.a.m.s.f.DefaultMavenResourcesFiltering - Copying 1 resource from src\main\resources to target\classes
2024-09-07 15:18:32,261 [Worker-18: Building] INFO  o.a.m.s.f.DefaultMavenResourcesFiltering - Copying 0 resource from src\main\resources to target\classes
2024-09-07 15:18:32,269 [Worker-18: Building] INFO  o.a.m.s.f.DefaultMavenResourcesFiltering - skip non existing resourceDirectory C:\Users\furka\Desktop\JAVA\İLERİ JAVA\dev-spring-boot\03-spring-boot-hibernate-jpa-crud\01-cruddemo-student\src\test\resources
2024-09-07 15:18:36,769 [Worker-18: Building] INFO  o.a.m.s.f.DefaultMavenResourcesFiltering - Copying 1 resource from src\main\resources to target\classes
2024-09-07 15:18:36,773 [Worker-18: Building] INFO  o.a.m.s.f.DefaultMavenResourcesFiltering - Copying 0 resource from src\main\resources to target\classes
2024-09-07 15:18:36,776 [Worker-18: Building] INFO  o.a.m.s.f.DefaultMavenResourcesFiltering - skip non existing resourceDirectory C:\Users\furka\Desktop\JAVA\İLERİ JAVA\dev-spring-boot\03-spring-boot-hibernate-jpa-crud\01-cruddemo-student\src\test\resources
2024-09-07 15:18:44,534 [Worker-41: Building] INFO  o.a.m.s.f.DefaultMavenResourcesFiltering - Copying 1 resource from src\main\resources to target\classes
2024-09-07 15:18:44,542 [Worker-41: Building] INFO  o.a.m.s.f.DefaultMavenResourcesFiltering - Copying 0 resource from src\main\resources to target\classes
2024-09-07 15:18:44,549 [Worker-41: Building] INFO  o.a.m.s.f.DefaultMavenResourcesFiltering - skip non existing resourceDirectory C:\Users\furka\Desktop\JAVA\İLERİ JAVA\dev-spring-boot\03-spring-boot-hibernate-jpa-crud\01-cruddemo-student\src\test\resources
2024-09-07 15:19:00,621 [Worker-40: Building] INFO  o.a.m.s.f.DefaultMavenResourcesFiltering - Copying 1 resource from src\main\resources to target\classes
2024-09-07 15:19:00,626 [Worker-40: Building] INFO  o.a.m.s.f.DefaultMavenResourcesFiltering - Copying 0 resource from src\main\resources to target\classes
2024-09-07 15:19:00,630 [Worker-40: Building] INFO  o.a.m.s.f.DefaultMavenResourcesFiltering - skip non existing resourceDirectory C:\Users\furka\Desktop\JAVA\İLERİ JAVA\dev-spring-boot\03-spring-boot-hibernate-jpa-crud\01-cruddemo-student\src\test\resources
2024-09-07 15:19:20,334 [Worker-41: Building] INFO  o.a.m.s.f.DefaultMavenResourcesFiltering - Copying 1 resource from src\main\resources to target\classes
2024-09-07 15:19:20,342 [Worker-41: Building] INFO  o.a.m.s.f.DefaultMavenResourcesFiltering - Copying 0 resource from src\main\resources to target\classes
2024-09-07 15:19:20,348 [Worker-41: Building] INFO  o.a.m.s.f.DefaultMavenResourcesFiltering - skip non existing resourceDirectory C:\Users\furka\Desktop\JAVA\İLERİ JAVA\dev-spring-boot\03-spring-boot-hibernate-jpa-crud\01-cruddemo-student\src\test\resources
2024-09-07 15:19:23,911 [Worker-34: Building] INFO  o.a.m.s.f.DefaultMavenResourcesFiltering - Copying 1 resource from src\main\resources to target\classes
2024-09-07 15:19:23,921 [Worker-34: Building] INFO  o.a.m.s.f.DefaultMavenResourcesFiltering - Copying 0 resource from src\main\resources to target\classes
2024-09-07 15:19:23,927 [Worker-34: Building] INFO  o.a.m.s.f.DefaultMavenResourcesFiltering - skip non existing resourceDirectory C:\Users\furka\Desktop\JAVA\İLERİ JAVA\dev-spring-boot\03-spring-boot-hibernate-jpa-crud\01-cruddemo-student\src\test\resources
2024-09-07 15:21:16,365 [Worker-18: Building] INFO  o.a.m.s.f.DefaultMavenResourcesFiltering - Copying 1 resource from src\main\resources to target\classes
2024-09-07 15:21:16,371 [Worker-18: Building] INFO  o.a.m.s.f.DefaultMavenResourcesFiltering - Copying 0 resource from src\main\resources to target\classes
2024-09-07 15:21:16,375 [Worker-18: Building] INFO  o.a.m.s.f.DefaultMavenResourcesFiltering - skip non existing resourceDirectory C:\Users\furka\Desktop\JAVA\İLERİ JAVA\dev-spring-boot\03-spring-boot-hibernate-jpa-crud\01-cruddemo-student\src\test\resources
2024-09-07 15:21:35,719 [Worker-41: Building] INFO  o.a.m.s.f.DefaultMavenResourcesFiltering - Copying 1 resource from src\main\resources to target\classes
2024-09-07 15:21:35,723 [Worker-41: Building] INFO  o.a.m.s.f.DefaultMavenResourcesFiltering - Copying 0 resource from src\main\resources to target\classes
2024-09-07 15:21:35,727 [Worker-41: Building] INFO  o.a.m.s.f.DefaultMavenResourcesFiltering - skip non existing resourceDirectory C:\Users\furka\Desktop\JAVA\İLERİ JAVA\dev-spring-boot\03-spring-boot-hibernate-jpa-crud\01-cruddemo-student\src\test\resources
2024-09-07 15:22:16,818 [Worker-41: Building] INFO  o.a.m.s.f.DefaultMavenResourcesFiltering - Copying 1 resource from src\main\resources to target\classes
2024-09-07 15:22:16,822 [Worker-41: Building] INFO  o.a.m.s.f.DefaultMavenResourcesFiltering - Copying 0 resource from src\main\resources to target\classes
2024-09-07 15:22:16,825 [Worker-41: Building] INFO  o.a.m.s.f.DefaultMavenResourcesFiltering - skip non existing resourceDirectory C:\Users\furka\Desktop\JAVA\İLERİ JAVA\dev-spring-boot\03-spring-boot-hibernate-jpa-crud\01-cruddemo-student\src\test\resources
2024-09-07 15:22:23,048 [Worker-32: Building] INFO  o.a.m.s.f.DefaultMavenResourcesFiltering - Copying 1 resource from src\main\resources to target\classes
2024-09-07 15:22:23,053 [Worker-32: Building] INFO  o.a.m.s.f.DefaultMavenResourcesFiltering - Copying 0 resource from src\main\resources to target\classes
2024-09-07 15:22:23,056 [Worker-32: Building] INFO  o.a.m.s.f.DefaultMavenResourcesFiltering - skip non existing resourceDirectory C:\Users\furka\Desktop\JAVA\İLERİ JAVA\dev-spring-boot\03-spring-boot-hibernate-jpa-crud\01-cruddemo-student\src\test\resources
2024-09-07 15:22:29,605 [Worker-41: Building] INFO  o.a.m.s.f.DefaultMavenResourcesFiltering - Copying 1 resource from src\main\resources to target\classes
2024-09-07 15:22:29,611 [Worker-41: Building] INFO  o.a.m.s.f.DefaultMavenResourcesFiltering - Copying 0 resource from src\main\resources to target\classes
2024-09-07 15:22:29,616 [Worker-41: Building] INFO  o.a.m.s.f.DefaultMavenResourcesFiltering - skip non existing resourceDirectory C:\Users\furka\Desktop\JAVA\İLERİ JAVA\dev-spring-boot\03-spring-boot-hibernate-jpa-crud\01-cruddemo-student\src\test\resources
2024-09-07 15:22:45,100 [Worker-34: Building] INFO  o.a.m.s.f.DefaultMavenResourcesFiltering - Copying 1 resource from src\main\resources to target\classes
2024-09-07 15:22:45,104 [Worker-34: Building] INFO  o.a.m.s.f.DefaultMavenResourcesFiltering - Copying 0 resource from src\main\resources to target\classes
2024-09-07 15:22:45,107 [Worker-34: Building] INFO  o.a.m.s.f.DefaultMavenResourcesFiltering - skip non existing resourceDirectory C:\Users\furka\Desktop\JAVA\İLERİ JAVA\dev-spring-boot\03-spring-boot-hibernate-jpa-crud\01-cruddemo-student\src\test\resources
2024-09-07 15:24:24,249 [Worker-42: Building] INFO  o.a.m.s.f.DefaultMavenResourcesFiltering - Copying 1 resource from src\main\resources to target\classes
2024-09-07 15:24:24,254 [Worker-42: Building] INFO  o.a.m.s.f.DefaultMavenResourcesFiltering - Copying 0 resource from src\main\resources to target\classes
2024-09-07 15:24:24,256 [Worker-42: Building] INFO  o.a.m.s.f.DefaultMavenResourcesFiltering - skip non existing resourceDirectory C:\Users\furka\Desktop\JAVA\İLERİ JAVA\dev-spring-boot\03-spring-boot-hibernate-jpa-crud\01-cruddemo-student\src\test\resources
2024-09-07 15:26:15,483 [Worker-32: Building] INFO  o.a.m.s.f.DefaultMavenResourcesFiltering - Copying 1 resource from src\main\resources to target\classes
2024-09-07 15:26:15,487 [Worker-32: Building] INFO  o.a.m.s.f.DefaultMavenResourcesFiltering - Copying 0 resource from src\main\resources to target\classes
2024-09-07 15:26:15,489 [Worker-32: Building] INFO  o.a.m.s.f.DefaultMavenResourcesFiltering - skip non existing resourceDirectory C:\Users\furka\Desktop\JAVA\İLERİ JAVA\dev-spring-boot\03-spring-boot-hibernate-jpa-crud\01-cruddemo-student\src\test\resources
2024-09-07 15:26:39,384 [Worker-32: Building] INFO  o.a.m.s.f.DefaultMavenResourcesFiltering - Copying 1 resource from src\main\resources to target\classes
2024-09-07 15:26:39,389 [Worker-32: Building] INFO  o.a.m.s.f.DefaultMavenResourcesFiltering - Copying 0 resource from src\main\resources to target\classes
2024-09-07 15:26:39,392 [Worker-32: Building] INFO  o.a.m.s.f.DefaultMavenResourcesFiltering - skip non existing resourceDirectory C:\Users\furka\Desktop\JAVA\İLERİ JAVA\dev-spring-boot\03-spring-boot-hibernate-jpa-crud\01-cruddemo-student\src\test\resources
2024-09-07 15:27:18,896 [Worker-34: Building] INFO  o.a.m.s.f.DefaultMavenResourcesFiltering - Copying 1 resource from src\main\resources to target\classes
2024-09-07 15:27:18,907 [Worker-34: Building] INFO  o.a.m.s.f.DefaultMavenResourcesFiltering - Copying 0 resource from src\main\resources to target\classes
2024-09-07 15:27:18,914 [Worker-34: Building] INFO  o.a.m.s.f.DefaultMavenResourcesFiltering - skip non existing resourceDirectory C:\Users\furka\Desktop\JAVA\İLERİ JAVA\dev-spring-boot\03-spring-boot-hibernate-jpa-crud\01-cruddemo-student\src\test\resources
2024-09-07 15:31:49,272 [Worker-18: Building] INFO  o.a.m.s.f.DefaultMavenResourcesFiltering - Copying 1 resource from src\main\resources to target\classes
2024-09-07 15:31:49,278 [Worker-18: Building] INFO  o.a.m.s.f.DefaultMavenResourcesFiltering - Copying 0 resource from src\main\resources to target\classes
2024-09-07 15:31:49,282 [Worker-18: Building] INFO  o.a.m.s.f.DefaultMavenResourcesFiltering - skip non existing resourceDirectory C:\Users\furka\Desktop\JAVA\İLERİ JAVA\dev-spring-boot\03-spring-boot-hibernate-jpa-crud\01-cruddemo-student\src\test\resources
2024-09-07 15:33:20,118 [Worker-18: Building] INFO  o.a.m.s.f.DefaultMavenResourcesFiltering - Copying 1 resource from src\main\resources to target\classes
2024-09-07 15:33:20,122 [Worker-18: Building] INFO  o.a.m.s.f.DefaultMavenResourcesFiltering - Copying 0 resource from src\main\resources to target\classes
2024-09-07 15:33:20,124 [Worker-18: Building] INFO  o.a.m.s.f.DefaultMavenResourcesFiltering - skip non existing resourceDirectory C:\Users\furka\Desktop\JAVA\İLERİ JAVA\dev-spring-boot\03-spring-boot-hibernate-jpa-crud\01-cruddemo-student\src\test\resources
2024-09-07 15:34:16,038 [Worker-18: Building] INFO  o.a.m.s.f.DefaultMavenResourcesFiltering - Copying 1 resource from src\main\resources to target\classes
2024-09-07 15:34:16,059 [Worker-18: Building] INFO  o.a.m.s.f.DefaultMavenResourcesFiltering - Copying 0 resource from src\main\resources to target\classes
2024-09-07 15:34:16,062 [Worker-18: Building] INFO  o.a.m.s.f.DefaultMavenResourcesFiltering - skip non existing resourceDirectory C:\Users\furka\Desktop\JAVA\İLERİ JAVA\dev-spring-boot\03-spring-boot-hibernate-jpa-crud\01-cruddemo-student\src\test\resources
2024-09-07 15:34:39,435 [Worker-42: Building] INFO  o.a.m.s.f.DefaultMavenResourcesFiltering - Copying 1 resource from src\main\resources to target\classes
2024-09-07 15:34:39,439 [Worker-42: Building] INFO  o.a.m.s.f.DefaultMavenResourcesFiltering - Copying 0 resource from src\main\resources to target\classes
2024-09-07 15:34:39,442 [Worker-42: Building] INFO  o.a.m.s.f.DefaultMavenResourcesFiltering - skip non existing resourceDirectory C:\Users\furka\Desktop\JAVA\İLERİ JAVA\dev-spring-boot\03-spring-boot-hibernate-jpa-crud\01-cruddemo-student\src\test\resources
2024-09-07 15:34:43,115 [Worker-41: Building] INFO  o.a.m.s.f.DefaultMavenResourcesFiltering - Copying 1 resource from src\main\resources to target\classes
2024-09-07 15:34:43,120 [Worker-41: Building] INFO  o.a.m.s.f.DefaultMavenResourcesFiltering - Copying 0 resource from src\main\resources to target\classes
2024-09-07 15:34:43,123 [Worker-41: Building] INFO  o.a.m.s.f.DefaultMavenResourcesFiltering - skip non existing resourceDirectory C:\Users\furka\Desktop\JAVA\İLERİ JAVA\dev-spring-boot\03-spring-boot-hibernate-jpa-crud\01-cruddemo-student\src\test\resources
2024-09-07 15:35:12,342 [Worker-41: Building] INFO  o.a.m.s.f.DefaultMavenResourcesFiltering - Copying 1 resource from src\main\resources to target\classes
2024-09-07 15:35:12,359 [Worker-41: Building] INFO  o.a.m.s.f.DefaultMavenResourcesFiltering - Copying 0 resource from src\main\resources to target\classes
2024-09-07 15:35:12,362 [Worker-41: Building] INFO  o.a.m.s.f.DefaultMavenResourcesFiltering - skip non existing resourceDirectory C:\Users\furka\Desktop\JAVA\İLERİ JAVA\dev-spring-boot\03-spring-boot-hibernate-jpa-crud\01-cruddemo-student\src\test\resources
2024-09-07 15:35:15,690 [Worker-34: Building] INFO  o.a.m.s.f.DefaultMavenResourcesFiltering - Copying 1 resource from src\main\resources to target\classes
2024-09-07 15:35:15,703 [Worker-34: Building] INFO  o.a.m.s.f.DefaultMavenResourcesFiltering - Copying 0 resource from src\main\resources to target\classes
2024-09-07 15:35:15,711 [Worker-34: Building] INFO  o.a.m.s.f.DefaultMavenResourcesFiltering - skip non existing resourceDirectory C:\Users\furka\Desktop\JAVA\İLERİ JAVA\dev-spring-boot\03-spring-boot-hibernate-jpa-crud\01-cruddemo-student\src\test\resources
2024-09-07 15:35:22,663 [Worker-42: Building] INFO  o.a.m.s.f.DefaultMavenResourcesFiltering - Copying 1 resource from src\main\resources to target\classes
2024-09-07 15:35:22,667 [Worker-42: Building] INFO  o.a.m.s.f.DefaultMavenResourcesFiltering - Copying 0 resource from src\main\resources to target\classes
2024-09-07 15:35:22,670 [Worker-42: Building] INFO  o.a.m.s.f.DefaultMavenResourcesFiltering - skip non existing resourceDirectory C:\Users\furka\Desktop\JAVA\İLERİ JAVA\dev-spring-boot\03-spring-boot-hibernate-jpa-crud\01-cruddemo-student\src\test\resources
2024-09-07 15:37:07,058 [Worker-34: Building] INFO  o.a.m.s.f.DefaultMavenResourcesFiltering - Copying 1 resource from src\main\resources to target\classes
2024-09-07 15:37:07,066 [Worker-34: Building] INFO  o.a.m.s.f.DefaultMavenResourcesFiltering - Copying 0 resource from src\main\resources to target\classes
2024-09-07 15:37:07,070 [Worker-34: Building] INFO  o.a.m.s.f.DefaultMavenResourcesFiltering - skip non existing resourceDirectory C:\Users\furka\Desktop\JAVA\İLERİ JAVA\dev-spring-boot\03-spring-boot-hibernate-jpa-crud\01-cruddemo-student\src\test\resources
2024-09-07 15:38:43,185 [Worker-43: Building] INFO  o.a.m.s.f.DefaultMavenResourcesFiltering - Copying 1 resource from src\main\resources to target\classes
2024-09-07 15:38:43,198 [Worker-43: Building] INFO  o.a.m.s.f.DefaultMavenResourcesFiltering - Copying 0 resource from src\main\resources to target\classes
2024-09-07 15:38:43,202 [Worker-43: Building] INFO  o.a.m.s.f.DefaultMavenResourcesFiltering - skip non existing resourceDirectory C:\Users\furka\Desktop\JAVA\İLERİ JAVA\dev-spring-boot\03-spring-boot-hibernate-jpa-crud\01-cruddemo-student\src\test\resources
2024-09-07 15:42:30,377 [Worker-43: Building] INFO  o.a.m.s.f.DefaultMavenResourcesFiltering - Copying 1 resource from src\main\resources to target\classes
2024-09-07 15:42:30,382 [Worker-43: Building] INFO  o.a.m.s.f.DefaultMavenResourcesFiltering - Copying 0 resource from src\main\resources to target\classes
2024-09-07 15:42:30,384 [Worker-43: Building] INFO  o.a.m.s.f.DefaultMavenResourcesFiltering - skip non existing resourceDirectory C:\Users\furka\Desktop\JAVA\İLERİ JAVA\dev-spring-boot\03-spring-boot-hibernate-jpa-crud\01-cruddemo-student\src\test\resources
2024-09-07 15:42:36,218 [Worker-41: Building] INFO  o.a.m.s.f.DefaultMavenResourcesFiltering - Copying 1 resource from src\main\resources to target\classes
2024-09-07 15:42:36,229 [Worker-41: Building] INFO  o.a.m.s.f.DefaultMavenResourcesFiltering - Copying 0 resource from src\main\resources to target\classes
2024-09-07 15:42:36,231 [Worker-41: Building] INFO  o.a.m.s.f.DefaultMavenResourcesFiltering - skip non existing resourceDirectory C:\Users\furka\Desktop\JAVA\İLERİ JAVA\dev-spring-boot\03-spring-boot-hibernate-jpa-crud\01-cruddemo-student\src\test\resources
2024-09-07 15:43:05,868 [Worker-44: Building] INFO  o.a.m.s.f.DefaultMavenResourcesFiltering - Copying 1 resource from src\main\resources to target\classes
2024-09-07 15:43:05,886 [Worker-44: Building] INFO  o.a.m.s.f.DefaultMavenResourcesFiltering - Copying 0 resource from src\main\resources to target\classes
2024-09-07 15:43:05,897 [Worker-44: Building] INFO  o.a.m.s.f.DefaultMavenResourcesFiltering - skip non existing resourceDirectory C:\Users\furka\Desktop\JAVA\İLERİ JAVA\dev-spring-boot\03-spring-boot-hibernate-jpa-crud\01-cruddemo-student\src\test\resources
2024-09-07 15:43:47,055 [Worker-44: Building] INFO  o.a.m.s.f.DefaultMavenResourcesFiltering - Copying 1 resource from src\main\resources to target\classes
2024-09-07 15:43:47,060 [Worker-44: Building] INFO  o.a.m.s.f.DefaultMavenResourcesFiltering - Copying 0 resource from src\main\resources to target\classes
2024-09-07 15:43:47,063 [Worker-44: Building] INFO  o.a.m.s.f.DefaultMavenResourcesFiltering - skip non existing resourceDirectory C:\Users\furka\Desktop\JAVA\İLERİ JAVA\dev-spring-boot\03-spring-boot-hibernate-jpa-crud\01-cruddemo-student\src\test\resources
2024-09-07 15:44:03,021 [Stop Help Server] INFO  org.eclipse.jetty.server.Server - Stopped oejs.Server@30660417{STOPPING}[12.0.9,sto=0]
2024-09-07 15:44:03,042 [Stop Help Server] INFO  o.e.jetty.server.AbstractConnector - Stopped ServerConnector@a431383{HTTP/1.1, (http/1.1)}{127.0.0.1:0}
